1610282030986	geckodriver	INFO	Listening on 127.0.0.1:52709
1610282034079	mozrunner::runner	INFO	Running command: "C:\\Program Files\\Mozilla Firefox\\firefox.exe" "--marionette" "-foreground" "-no-remote" "-profile" "C:\\Users\\ZETADA~1\\AppData\\Local\\Temp\\rust_mozprofileLNhbfv"
Can't find symbol 'eglSwapBuffersWithDamageEXT'.
Can't find symbol 'eglSetDamageRegionKHR'.
console.warn: SearchSettings: "get: No settings file exists, new profile?" (new Error("", "(unknown module)"))
1610282039872	Marionette	INFO	Listening on port 52718
1610282040405	Marionette	WARN	TLS certificate errors will be ignored for this session
1610282054608	Marionette	INFO	Stopped listening on port 52718
JavaScript error: resource://activity-stream/lib/ASRouter.jsm, line 987: NS_ERROR_ILLEGAL_VALUE: Component returned failure code: 0x80070057 (NS_ERROR_ILLEGAL_VALUE) [nsIObserverService.removeObserver]

###!!! [Child][RunMessage] Error: Channel closing: too late to send/recv, messages will be lost

1610282154140	geckodriver	INFO	Listening on 127.0.0.1:52803
1610282157170	mozrunner::runner	INFO	Running command: "C:\\Program Files\\Mozilla Firefox\\firefox.exe" "--marionette" "-foreground" "-no-remote" "-profile" "C:\\Users\\ZETADA~1\\AppData\\Local\\Temp\\rust_mozprofilehF62nk"
Can't find symbol 'eglSwapBuffersWithDamageEXT'.
Can't find symbol 'eglSetDamageRegionKHR'.
console.warn: SearchSettings: "get: No settings file exists, new profile?" (new Error("", "(unknown module)"))
1610282161928	Marionette	INFO	Listening on port 52811
1610282161950	Marionette	WARN	TLS certificate errors will be ignored for this session
1610282176044	Marionette	INFO	Stopped listening on port 52811
JavaScript error: resource://activity-stream/lib/ASRouter.jsm, line 987: NS_ERROR_ILLEGAL_VALUE: Component returned failure code: 0x80070057 (NS_ERROR_ILLEGAL_VALUE) [nsIObserverService.removeObserver]

###!!! [Child][RunMessage] Error: Channel closing: too late to send/recv, messages will be lost

1610282251480	geckodriver	INFO	Listening on 127.0.0.1:52893
1610282254536	mozrunner::runner	INFO	Running command: "C:\\Program Files\\Mozilla Firefox\\firefox.exe" "--marionette" "-foreground" "-no-remote" "-profile" "C:\\Users\\ZETADA~1\\AppData\\Local\\Temp\\rust_mozprofileDSNvRS"
Can't find symbol 'eglSwapBuffersWithDamageEXT'.
Can't find symbol 'eglSetDamageRegionKHR'.
console.warn: SearchSettings: "get: No settings file exists, new profile?" (new Error("", "(unknown module)"))
1610282259801	Marionette	INFO	Listening on port 52902
1610282259831	Marionette	WARN	TLS certificate errors will be ignored for this session
1610282274117	Marionette	INFO	Stopped listening on port 52902
JavaScript error: resource://activity-stream/lib/ASRouter.jsm, line 987: NS_ERROR_ILLEGAL_VALUE: Component returned failure code: 0x80070057 (NS_ERROR_ILLEGAL_VALUE) [nsIObserverService.removeObserver]

###!!! [Child][RunMessage] Error: Channel closing: too late to send/recv, messages will be lost

1610283039927	geckodriver	INFO	Listening on 127.0.0.1:53154
1610283043002	mozrunner::runner	INFO	Running command: "C:\\Program Files\\Mozilla Firefox\\firefox.exe" "--marionette" "-foreground" "-no-remote" "-profile" "C:\\Users\\ZETADA~1\\AppData\\Local\\Temp\\rust_mozprofilelF1A3H"
Can't find symbol 'eglSwapBuffersWithDamageEXT'.
Can't find symbol 'eglSetDamageRegionKHR'.
console.warn: SearchSettings: "get: No settings file exists, new profile?" (new Error("", "(unknown module)"))
1610283049043	Marionette	INFO	Listening on port 53162
1610283049263	Marionette	WARN	TLS certificate errors will be ignored for this session
1610283063116	Marionette	INFO	Stopped listening on port 53162
JavaScript error: resource://activity-stream/lib/ASRouter.jsm, line 987: NS_ERROR_ILLEGAL_VALUE: Component returned failure code: 0x80070057 (NS_ERROR_ILLEGAL_VALUE) [nsIObserverService.removeObserver]
[Parent 8812, Gecko_IOThread] WARNING: file /builds/worker/checkouts/gecko/ipc/chromium/src/base/process_util_win.cc:166

###!!! [Child][RunMessage] Error: Channel closing: too late to send/recv, messages will be lost

1610283508723	geckodriver	INFO	Listening on 127.0.0.1:53459
1610283511798	mozrunner::runner	INFO	Running command: "C:\\Program Files\\Mozilla Firefox\\firefox.exe" "--marionette" "-foreground" "-no-remote" "-profile" "C:\\Users\\ZETADA~1\\AppData\\Local\\Temp\\rust_mozprofileGvgGlv"
Can't find symbol 'eglSwapBuffersWithDamageEXT'.
Can't find symbol 'eglSetDamageRegionKHR'.
console.warn: SearchSettings: "get: No settings file exists, new profile?" (new Error("", "(unknown module)"))
1610283515879	Marionette	INFO	Listening on port 53469
1610283515987	Marionette	WARN	TLS certificate errors will be ignored for this session
1610283531445	Marionette	INFO	Stopped listening on port 53469
JavaScript error: resource://activity-stream/lib/ASRouter.jsm, line 987: NS_ERROR_ILLEGAL_VALUE: Component returned failure code: 0x80070057 (NS_ERROR_ILLEGAL_VALUE) [nsIObserverService.removeObserver]
[Parent 12304, Gecko_IOThread] WARNING: file /builds/worker/checkouts/gecko/ipc/chromium/src/base/process_util_win.cc:166

###!!! [Child][RunMessage] Error: Channel closing: too late to send/recv, messages will be lost

1610283644086	geckodriver	INFO	Listening on 127.0.0.1:53686
1610283647146	mozrunner::runner	INFO	Running command: "C:\\Program Files\\Mozilla Firefox\\firefox.exe" "--marionette" "-foreground" "-no-remote" "-profile" "C:\\Users\\ZETADA~1\\AppData\\Local\\Temp\\rust_mozprofileUzaeFT"
Can't find symbol 'eglSwapBuffersWithDamageEXT'.
Can't find symbol 'eglSetDamageRegionKHR'.
console.warn: SearchSettings: "get: No settings file exists, new profile?" (new Error("", "(unknown module)"))
1610283651186	Marionette	INFO	Listening on port 53695
1610283651327	Marionette	WARN	TLS certificate errors will be ignored for this session
1610283665073	Marionette	INFO	Stopped listening on port 53695
JavaScript error: resource://activity-stream/lib/ASRouter.jsm, line 987: NS_ERROR_ILLEGAL_VALUE: Component returned failure code: 0x80070057 (NS_ERROR_ILLEGAL_VALUE) [nsIObserverService.removeObserver]

###!!! [Child][RunMessage] Error: Channel closing: too late to send/recv, messages will be lost

1610284028130	geckodriver	INFO	Listening on 127.0.0.1:53832
1610284032562	mozrunner::runner	INFO	Running command: "C:\\Program Files\\Mozilla Firefox\\firefox.exe" "--marionette" "-foreground" "-no-remote" "-profile" "C:\\Users\\ZETADA~1\\AppData\\Local\\Temp\\rust_mozprofile0EMnsD"
Can't find symbol 'eglSwapBuffersWithDamageEXT'.
Can't find symbol 'eglSetDamageRegionKHR'.
console.warn: SearchSettings: "get: No settings file exists, new profile?" (new Error("", "(unknown module)"))
1610284037641	Marionette	INFO	Listening on port 53840
1610284038066	Marionette	WARN	TLS certificate errors will be ignored for this session
console.error: Region.jsm: "Error fetching region" (new Error("TIMEOUT", "resource://gre/modules/Region.jsm", 726))
console.error: Region.jsm: "Failed to fetch region" (new Error("TIMEOUT", "resource://gre/modules/Region.jsm", 376))
1610284059197	Marionette	INFO	Stopped listening on port 53840
JavaScript error: resource://activity-stream/lib/ASRouter.jsm, line 987: NS_ERROR_ILLEGAL_VALUE: Component returned failure code: 0x80070057 (NS_ERROR_ILLEGAL_VALUE) [nsIObserverService.removeObserver]

###!!! [Child][RunMessage] Error: Channel closing: too late to send/recv, messages will be lost

1610284223636	geckodriver	INFO	Listening on 127.0.0.1:53959
1610284226803	mozrunner::runner	INFO	Running command: "C:\\Program Files\\Mozilla Firefox\\firefox.exe" "--marionette" "-foreground" "-no-remote" "-profile" "C:\\Users\\ZETADA~1\\AppData\\Local\\Temp\\rust_mozprofileSEv5Fr"
Can't find symbol 'eglSwapBuffersWithDamageEXT'.
Can't find symbol 'eglSetDamageRegionKHR'.
console.warn: SearchSettings: "get: No settings file exists, new profile?" (new Error("", "(unknown module)"))
1610284231181	Marionette	INFO	Listening on port 53967
1610284231570	Marionette	WARN	TLS certificate errors will be ignored for this session
1610284246043	Marionette	INFO	Stopped listening on port 53967
JavaScript error: resource://activity-stream/lib/ASRouter.jsm, line 987: NS_ERROR_ILLEGAL_VALUE: Component returned failure code: 0x80070057 (NS_ERROR_ILLEGAL_VALUE) [nsIObserverService.removeObserver]

###!!! [Child][RunMessage] Error: Channel closing: too late to send/recv, messages will be lost

1610286497258	geckodriver	INFO	Listening on 127.0.0.1:54840
1610286500328	mozrunner::runner	INFO	Running command: "C:\\Program Files\\Mozilla Firefox\\firefox.exe" "--marionette" "-foreground" "-no-remote" "-profile" "C:\\Users\\ZETADA~1\\AppData\\Local\\Temp\\rust_mozprofile4ykMnF"
Can't find symbol 'eglSwapBuffersWithDamageEXT'.
Can't find symbol 'eglSetDamageRegionKHR'.
console.warn: SearchSettings: "get: No settings file exists, new profile?" (new Error("", "(unknown module)"))
1610286504594	Marionette	INFO	Listening on port 54849
1610286505331	Marionette	WARN	TLS certificate errors will be ignored for this session
1610286521952	Marionette	INFO	Stopped listening on port 54849
JavaScript error: resource://activity-stream/lib/ASRouter.jsm, line 987: NS_ERROR_ILLEGAL_VALUE: Component returned failure code: 0x80070057 (NS_ERROR_ILLEGAL_VALUE) [nsIObserverService.removeObserver]

###!!! [Child][RunMessage] Error: Channel closing: too late to send/recv, messages will be lost

1610286635630	geckodriver	INFO	Listening on 127.0.0.1:54939
1610286638681	mozrunner::runner	INFO	Running command: "C:\\Program Files\\Mozilla Firefox\\firefox.exe" "--marionette" "-foreground" "-no-remote" "-profile" "C:\\Users\\ZETADA~1\\AppData\\Local\\Temp\\rust_mozprofiledbzy6S"
Can't find symbol 'eglSwapBuffersWithDamageEXT'.
Can't find symbol 'eglSetDamageRegionKHR'.
console.warn: SearchSettings: "get: No settings file exists, new profile?" (new Error("", "(unknown module)"))
1610286642744	Marionette	INFO	Listening on port 54947
1610286642811	Marionette	WARN	TLS certificate errors will be ignored for this session
1610286656144	Marionette	INFO	Stopped listening on port 54947
JavaScript error: resource://activity-stream/lib/ASRouter.jsm, line 987: NS_ERROR_ILLEGAL_VALUE: Component returned failure code: 0x80070057 (NS_ERROR_ILLEGAL_VALUE) [nsIObserverService.removeObserver]
[Parent 14384, Gecko_IOThread] WARNING: file /builds/worker/checkouts/gecko/ipc/chromium/src/base/process_util_win.cc:166

###!!! [Child][RunMessage] Error: Channel closing: too late to send/recv, messages will be lost

1610328600723	geckodriver	INFO	Listening on 127.0.0.1:57277
1610328603896	mozrunner::runner	INFO	Running command: "C:\\Program Files\\Mozilla Firefox\\firefox.exe" "--marionette" "-foreground" "-no-remote" "-profile" "C:\\Users\\ZETADA~1\\AppData\\Local\\Temp\\rust_mozprofileyrTAlL"
Can't find symbol 'eglSwapBuffersWithDamageEXT'.
Can't find symbol 'eglSetDamageRegionKHR'.
console.warn: SearchSettings: "get: No settings file exists, new profile?" (new Error("", "(unknown module)"))
1610328610081	Marionette	INFO	Listening on port 57287
1610328610150	Marionette	WARN	TLS certificate errors will be ignored for this session
1610328625455	Marionette	INFO	Stopped listening on port 57287
JavaScript error: resource://activity-stream/lib/ASRouter.jsm, line 987: NS_ERROR_ILLEGAL_VALUE: Component returned failure code: 0x80070057 (NS_ERROR_ILLEGAL_VALUE) [nsIObserverService.removeObserver]

###!!! [Child][RunMessage] Error: Channel closing: too late to send/recv, messages will be lost

1610329771546	geckodriver	INFO	Listening on 127.0.0.1:57789
1610329774630	mozrunner::runner	INFO	Running command: "C:\\Program Files\\Mozilla Firefox\\firefox.exe" "--marionette" "-foreground" "-no-remote" "-profile" "C:\\Users\\ZETADA~1\\AppData\\Local\\Temp\\rust_mozprofile5wyJpr"
Can't find symbol 'eglSwapBuffersWithDamageEXT'.
Can't find symbol 'eglSetDamageRegionKHR'.
console.warn: SearchSettings: "get: No settings file exists, new profile?" (new Error("", "(unknown module)"))
1610329779898	Marionette	INFO	Listening on port 57797
1610329780568	Marionette	WARN	TLS certificate errors will be ignored for this session
1610329794474	Marionette	INFO	Stopped listening on port 57797
JavaScript error: resource://activity-stream/lib/ASRouter.jsm, line 987: NS_ERROR_ILLEGAL_VALUE: Component returned failure code: 0x80070057 (NS_ERROR_ILLEGAL_VALUE) [nsIObserverService.removeObserver]

###!!! [Child][RunMessage] Error: Channel closing: too late to send/recv, messages will be lost

1610357379859	geckodriver	INFO	Listening on 127.0.0.1:65362
1610357382930	mozrunner::runner	INFO	Running command: "C:\\Program Files\\Mozilla Firefox\\firefox.exe" "--marionette" "-foreground" "-no-remote" "-profile" "C:\\Users\\ZETADA~1\\AppData\\Local\\Temp\\rust_mozprofileeawwDp"
Can't find symbol 'eglSwapBuffersWithDamageEXT'.
Can't find symbol 'eglSetDamageRegionKHR'.
console.warn: SearchSettings: "get: No settings file exists, new profile?" (new Error("", "(unknown module)"))
1610357388460	Marionette	INFO	Listening on port 65371
1610357389151	Marionette	WARN	TLS certificate errors will be ignored for this session
1610357405103	Marionette	INFO	Stopped listening on port 65371
JavaScript error: resource://activity-stream/lib/ASRouter.jsm, line 987: NS_ERROR_ILLEGAL_VALUE: Component returned failure code: 0x80070057 (NS_ERROR_ILLEGAL_VALUE) [nsIObserverService.removeObserver]

###!!! [Child][RunMessage] Error: Channel closing: too late to send/recv, messages will be lost

1610357427707	geckodriver	INFO	Listening on 127.0.0.1:65429
1610357430744	mozrunner::runner	INFO	Running command: "C:\\Program Files\\Mozilla Firefox\\firefox.exe" "--marionette" "-foreground" "-no-remote" "-profile" "C:\\Users\\ZETADA~1\\AppData\\Local\\Temp\\rust_mozprofileaQ0HqG"
Can't find symbol 'eglSwapBuffersWithDamageEXT'.
Can't find symbol 'eglSetDamageRegionKHR'.
console.warn: SearchSettings: "get: No settings file exists, new profile?" (new Error("", "(unknown module)"))
1610357435380	Marionette	INFO	Listening on port 65438
1610357435542	Marionette	WARN	TLS certificate errors will be ignored for this session
1610357450073	Marionette	INFO	Stopped listening on port 65438
JavaScript error: resource://activity-stream/lib/ASRouter.jsm, line 987: NS_ERROR_ILLEGAL_VALUE: Component returned failure code: 0x80070057 (NS_ERROR_ILLEGAL_VALUE) [nsIObserverService.removeObserver]
[Parent 17884, Gecko_IOThread] WARNING: file /builds/worker/checkouts/gecko/ipc/chromium/src/base/process_util_win.cc:166

###!!! [Child][RunMessage] Error: Channel closing: too late to send/recv, messages will be lost

1610357713067	geckodriver	INFO	Listening on 127.0.0.1:49195
1610357716126	mozrunner::runner	INFO	Running command: "C:\\Program Files\\Mozilla Firefox\\firefox.exe" "--marionette" "-foreground" "-no-remote" "-profile" "C:\\Users\\ZETADA~1\\AppData\\Local\\Temp\\rust_mozprofile92JJsf"
Can't find symbol 'eglSwapBuffersWithDamageEXT'.
Can't find symbol 'eglSetDamageRegionKHR'.
console.warn: SearchSettings: "get: No settings file exists, new profile?" (new Error("", "(unknown module)"))
1610357724904	Marionette	INFO	Listening on port 49203
1610357725094	Marionette	WARN	TLS certificate errors will be ignored for this session
1610357743407	Marionette	INFO	Stopped listening on port 49203
JavaScript error: resource://activity-stream/lib/ASRouter.jsm, line 987: NS_ERROR_ILLEGAL_VALUE: Component returned failure code: 0x80070057 (NS_ERROR_ILLEGAL_VALUE) [nsIObserverService.removeObserver]
JavaScript error: resource://gre/modules/UrlClassifierListManager.jsm, line 691: TypeError: this.tablesData[table] is undefined
[Parent 18604, Gecko_IOThread] WARNING: file /builds/worker/checkouts/gecko/ipc/chromium/src/base/process_util_win.cc:166

###!!! [Child][RunMessage] Error: Channel closing: too late to send/recv, messages will be lost

1610358005906	geckodriver	INFO	Listening on 127.0.0.1:49365
1610358008964	mozrunner::runner	INFO	Running command: "C:\\Program Files\\Mozilla Firefox\\firefox.exe" "--marionette" "-foreground" "-no-remote" "-profile" "C:\\Users\\ZETADA~1\\AppData\\Local\\Temp\\rust_mozprofileR4uyDn"
Can't find symbol 'eglSwapBuffersWithDamageEXT'.
Can't find symbol 'eglSetDamageRegionKHR'.
console.warn: SearchSettings: "get: No settings file exists, new profile?" (new Error("", "(unknown module)"))
1610358014915	Marionette	INFO	Listening on port 49375
1610358015296	Marionette	WARN	TLS certificate errors will be ignored for this session
1610358031397	Marionette	INFO	Stopped listening on port 49375
JavaScript error: resource://activity-stream/lib/ASRouter.jsm, line 987: NS_ERROR_ILLEGAL_VALUE: Component returned failure code: 0x80070057 (NS_ERROR_ILLEGAL_VALUE) [nsIObserverService.removeObserver]

###!!! [Child][RunMessage] Error: Channel closing: too late to send/recv, messages will be lost

1610358282685	geckodriver	INFO	Listening on 127.0.0.1:49517
1610358286019	mozrunner::runner	INFO	Running command: "C:\\Program Files\\Mozilla Firefox\\firefox.exe" "--marionette" "-foreground" "-no-remote" "-profile" "C:\\Users\\ZETADA~1\\AppData\\Local\\Temp\\rust_mozprofile2e9U3B"
Can't find symbol 'eglSwapBuffersWithDamageEXT'.
Can't find symbol 'eglSetDamageRegionKHR'.
console.warn: SearchSettings: "get: No settings file exists, new profile?" (new Error("", "(unknown module)"))
1610358290662	Marionette	INFO	Listening on port 49526
1610358291017	Marionette	WARN	TLS certificate errors will be ignored for this session
1610358310223	Marionette	INFO	Stopped listening on port 49526
JavaScript error: resource://activity-stream/lib/ASRouter.jsm, line 987: NS_ERROR_ILLEGAL_VALUE: Component returned failure code: 0x80070057 (NS_ERROR_ILLEGAL_VALUE) [nsIObserverService.removeObserver]
[Parent 6316, Gecko_IOThread] WARNING: file /builds/worker/checkouts/gecko/ipc/chromium/src/base/process_util_win.cc:166

###!!! [Child][RunMessage] Error: Channel closing: too late to send/recv, messages will be lost

1610358555958	geckodriver	INFO	Listening on 127.0.0.1:49709
1610358559017	mozrunner::runner	INFO	Running command: "C:\\Program Files\\Mozilla Firefox\\firefox.exe" "--marionette" "-foreground" "-no-remote" "-profile" "C:\\Users\\ZETADA~1\\AppData\\Local\\Temp\\rust_mozprofileCgIMKy"
Can't find symbol 'eglSwapBuffersWithDamageEXT'.
Can't find symbol 'eglSetDamageRegionKHR'.
console.warn: SearchSettings: "get: No settings file exists, new profile?" (new Error("", "(unknown module)"))
1610358563847	Marionette	INFO	Listening on port 49717
1610358564267	Marionette	WARN	TLS certificate errors will be ignored for this session
1610358578579	Marionette	INFO	Stopped listening on port 49717
JavaScript error: resource://activity-stream/lib/ASRouter.jsm, line 987: NS_ERROR_ILLEGAL_VALUE: Component returned failure code: 0x80070057 (NS_ERROR_ILLEGAL_VALUE) [nsIObserverService.removeObserver]

###!!! [Child][RunMessage] Error: Channel closing: too late to send/recv, messages will be lost

1610431432379	geckodriver	INFO	Listening on 127.0.0.1:64196
1610431436129	mozrunner::runner	INFO	Running command: "C:\\Program Files\\Mozilla Firefox\\firefox.exe" "--marionette" "-foreground" "-no-remote" "-profile" "C:\\Users\\ZETADA~1\\AppData\\Local\\Temp\\rust_mozprofileHFsROS"
Can't find symbol 'eglSwapBuffersWithDamageEXT'.
Can't find symbol 'eglSetDamageRegionKHR'.
console.warn: SearchSettings: "get: No settings file exists, new profile?" (new Error("", "(unknown module)"))
1610431444360	Marionette	INFO	Listening on port 64204
1610431444568	Marionette	WARN	TLS certificate errors will be ignored for this session
1610431460170	Marionette	INFO	Stopped listening on port 64204

###!!! [Child][RunMessage] Error: Channel closing: too late to send/recv, messages will be lost

1610431607119	geckodriver	INFO	Listening on 127.0.0.1:64300
1610431610264	mozrunner::runner	INFO	Running command: "C:\\Program Files\\Mozilla Firefox\\firefox.exe" "--marionette" "-foreground" "-no-remote" "-profile" "C:\\Users\\ZETADA~1\\AppData\\Local\\Temp\\rust_mozprofilerovFMU"
Can't find symbol 'eglSwapBuffersWithDamageEXT'.
Can't find symbol 'eglSetDamageRegionKHR'.
console.warn: SearchSettings: "get: No settings file exists, new profile?" (new Error("", "(unknown module)"))
1610431615227	Marionette	INFO	Listening on port 64308
1610431615564	Marionette	WARN	TLS certificate errors will be ignored for this session
1610431629096	Marionette	INFO	Stopped listening on port 64308
JavaScript error: resource://activity-stream/lib/ASRouter.jsm, line 987: NS_ERROR_ILLEGAL_VALUE: Component returned failure code: 0x80070057 (NS_ERROR_ILLEGAL_VALUE) [nsIObserverService.removeObserver]

###!!! [Child][RunMessage] Error: Channel closing: too late to send/recv, messages will be lost

1610431762316	geckodriver	INFO	Listening on 127.0.0.1:64402
1610431765374	mozrunner::runner	INFO	Running command: "C:\\Program Files\\Mozilla Firefox\\firefox.exe" "--marionette" "-foreground" "-no-remote" "-profile" "C:\\Users\\ZETADA~1\\AppData\\Local\\Temp\\rust_mozprofilelYSHFR"
Can't find symbol 'eglSwapBuffersWithDamageEXT'.
Can't find symbol 'eglSetDamageRegionKHR'.
console.warn: SearchSettings: "get: No settings file exists, new profile?" (new Error("", "(unknown module)"))
1610431769653	Marionette	INFO	Listening on port 64410
1610431769702	Marionette	WARN	TLS certificate errors will be ignored for this session
1610431785094	Marionette	INFO	Stopped listening on port 64410
JavaScript error: resource://activity-stream/lib/ASRouter.jsm, line 987: NS_ERROR_ILLEGAL_VALUE: Component returned failure code: 0x80070057 (NS_ERROR_ILLEGAL_VALUE) [nsIObserverService.removeObserver]
[Parent 14584, Gecko_IOThread] WARNING: file /builds/worker/checkouts/gecko/ipc/chromium/src/base/process_util_win.cc:166

###!!! [Child][RunMessage] Error: Channel closing: too late to send/recv, messages will be lost

1610432182257	geckodriver	INFO	Listening on 127.0.0.1:64793
1610432185354	mozrunner::runner	INFO	Running command: "C:\\Program Files\\Mozilla Firefox\\firefox.exe" "--marionette" "-foreground" "-no-remote" "-profile" "C:\\Users\\ZETADA~1\\AppData\\Local\\Temp\\rust_mozprofileF0jhHu"
Can't find symbol 'eglSwapBuffersWithDamageEXT'.
Can't find symbol 'eglSetDamageRegionKHR'.
console.warn: SearchSettings: "get: No settings file exists, new profile?" (new Error("", "(unknown module)"))
1610432190486	Marionette	INFO	Listening on port 64802
1610432190634	Marionette	WARN	TLS certificate errors will be ignored for this session
1610432207213	Marionette	INFO	Stopped listening on port 64802
JavaScript error: resource://activity-stream/lib/ASRouter.jsm, line 987: NS_ERROR_ILLEGAL_VALUE: Component returned failure code: 0x80070057 (NS_ERROR_ILLEGAL_VALUE) [nsIObserverService.removeObserver]

###!!! [Child][RunMessage] Error: Channel closing: too late to send/recv, messages will be lost

1610432329060	geckodriver	INFO	Listening on 127.0.0.1:64913
1610432332105	mozrunner::runner	INFO	Running command: "C:\\Program Files\\Mozilla Firefox\\firefox.exe" "--marionette" "-foreground" "-no-remote" "-profile" "C:\\Users\\ZETADA~1\\AppData\\Local\\Temp\\rust_mozprofilep2Ufha"
Can't find symbol 'eglSwapBuffersWithDamageEXT'.
Can't find symbol 'eglSetDamageRegionKHR'.
console.warn: SearchSettings: "get: No settings file exists, new profile?" (new Error("", "(unknown module)"))
1610432337009	Marionette	INFO	Listening on port 64921
1610432337370	Marionette	WARN	TLS certificate errors will be ignored for this session
1610432350890	Marionette	INFO	Stopped listening on port 64921
JavaScript error: resource://activity-stream/lib/ASRouter.jsm, line 987: NS_ERROR_ILLEGAL_VALUE: Component returned failure code: 0x80070057 (NS_ERROR_ILLEGAL_VALUE) [nsIObserverService.removeObserver]

###!!! [Child][RunMessage] Error: Channel closing: too late to send/recv, messages will be lost

1610432947909	geckodriver	INFO	Listening on 127.0.0.1:65180
1610432950965	mozrunner::runner	INFO	Running command: "C:\\Program Files\\Mozilla Firefox\\firefox.exe" "--marionette" "-foreground" "-no-remote" "-profile" "C:\\Users\\ZETADA~1\\AppData\\Local\\Temp\\rust_mozprofile6WSY5z"
Can't find symbol 'eglSwapBuffersWithDamageEXT'.
Can't find symbol 'eglSetDamageRegionKHR'.
console.warn: SearchSettings: "get: No settings file exists, new profile?" (new Error("", "(unknown module)"))
1610432955519	Marionette	INFO	Listening on port 65191
1610432955767	Marionette	WARN	TLS certificate errors will be ignored for this session
1610432969099	Marionette	INFO	Stopped listening on port 65191
JavaScript error: resource://activity-stream/lib/ASRouter.jsm, line 987: NS_ERROR_ILLEGAL_VALUE: Component returned failure code: 0x80070057 (NS_ERROR_ILLEGAL_VALUE) [nsIObserverService.removeObserver]

###!!! [Child][RunMessage] Error: Channel closing: too late to send/recv, messages will be lost

1610433118426	geckodriver	INFO	Listening on 127.0.0.1:65285
1610433121491	mozrunner::runner	INFO	Running command: "C:\\Program Files\\Mozilla Firefox\\firefox.exe" "--marionette" "-foreground" "-no-remote" "-profile" "C:\\Users\\ZETADA~1\\AppData\\Local\\Temp\\rust_mozprofiledzhXAK"
Can't find symbol 'eglSwapBuffersWithDamageEXT'.
Can't find symbol 'eglSetDamageRegionKHR'.
console.warn: SearchSettings: "get: No settings file exists, new profile?" (new Error("", "(unknown module)"))
1610433125706	Marionette	INFO	Listening on port 65293
1610433125782	Marionette	WARN	TLS certificate errors will be ignored for this session
1610433139166	Marionette	INFO	Stopped listening on port 65293
JavaScript error: resource://activity-stream/lib/ASRouter.jsm, line 987: NS_ERROR_ILLEGAL_VALUE: Component returned failure code: 0x80070057 (NS_ERROR_ILLEGAL_VALUE) [nsIObserverService.removeObserver]

###!!! [Child][RunMessage] Error: Channel closing: too late to send/recv, messages will be lost

1610433423518	geckodriver	INFO	Listening on 127.0.0.1:65414
1610433426563	mozrunner::runner	INFO	Running command: "C:\\Program Files\\Mozilla Firefox\\firefox.exe" "--marionette" "-foreground" "-no-remote" "-profile" "C:\\Users\\ZETADA~1\\AppData\\Local\\Temp\\rust_mozprofilezBcdS3"
Can't find symbol 'eglSwapBuffersWithDamageEXT'.
Can't find symbol 'eglSetDamageRegionKHR'.
console.warn: SearchSettings: "get: No settings file exists, new profile?" (new Error("", "(unknown module)"))
1610433431128	Marionette	INFO	Listening on port 65423
1610433431332	Marionette	WARN	TLS certificate errors will be ignored for this session
1610433444839	Marionette	INFO	Stopped listening on port 65423
JavaScript error: resource://activity-stream/lib/ASRouter.jsm, line 987: NS_ERROR_ILLEGAL_VALUE: Component returned failure code: 0x80070057 (NS_ERROR_ILLEGAL_VALUE) [nsIObserverService.removeObserver]

###!!! [Child][RunMessage] Error: Channel closing: too late to send/recv, messages will be lost

1610433551301	geckodriver	INFO	Listening on 127.0.0.1:65503
1610433554371	mozrunner::runner	INFO	Running command: "C:\\Program Files\\Mozilla Firefox\\firefox.exe" "--marionette" "-foreground" "-no-remote" "-profile" "C:\\Users\\ZETADA~1\\AppData\\Local\\Temp\\rust_mozprofilePKN3Mi"
Can't find symbol 'eglSwapBuffersWithDamageEXT'.
Can't find symbol 'eglSetDamageRegionKHR'.
console.warn: SearchSettings: "get: No settings file exists, new profile?" (new Error("", "(unknown module)"))
1610433558725	Marionette	INFO	Listening on port 65513
1610433559147	Marionette	WARN	TLS certificate errors will be ignored for this session
1610433572635	Marionette	INFO	Stopped listening on port 65513
JavaScript error: resource://activity-stream/lib/ASRouter.jsm, line 987: NS_ERROR_ILLEGAL_VALUE: Component returned failure code: 0x80070057 (NS_ERROR_ILLEGAL_VALUE) [nsIObserverService.removeObserver]

###!!! [Child][RunMessage] Error: Channel closing: too late to send/recv, messages will be lost

1610433687502	geckodriver	INFO	Listening on 127.0.0.1:49277
1610433690592	mozrunner::runner	INFO	Running command: "C:\\Program Files\\Mozilla Firefox\\firefox.exe" "--marionette" "-foreground" "-no-remote" "-profile" "C:\\Users\\ZETADA~1\\AppData\\Local\\Temp\\rust_mozprofileLjwO3i"
Can't find symbol 'eglSwapBuffersWithDamageEXT'.
Can't find symbol 'eglSetDamageRegionKHR'.
console.warn: SearchSettings: "get: No settings file exists, new profile?" (new Error("", "(unknown module)"))
1610433695833	Marionette	INFO	Listening on port 49285
1610433695857	Marionette	WARN	TLS certificate errors will be ignored for this session
1610433710821	Marionette	INFO	Stopped listening on port 49285
JavaScript error: resource://activity-stream/lib/ASRouter.jsm, line 987: NS_ERROR_ILLEGAL_VALUE: Component returned failure code: 0x80070057 (NS_ERROR_ILLEGAL_VALUE) [nsIObserverService.removeObserver]

###!!! [Child][RunMessage] Error: Channel closing: too late to send/recv, messages will be lost

